  Renderer.cpp
F:\project\gl\khu_gl_project\Kinect_Sample_Re\Renderer.cpp(37,24): warning C4244: '=': 'GLuint'에서 'GLfloat'(으)로 변환하면서 데이터가 손실될 수 있습니다.
F:\project\gl\khu_gl_project\Kinect_Sample_Re\Renderer.cpp(398,47): warning C4305: '인수': 'double'에서 'GLfloat'(으)로 잘립니다.
F:\project\gl\khu_gl_project\Kinect_Sample_Re\Renderer.cpp(399,45): warning C4305: '인수': 'double'에서 'GLfloat'(으)로 잘립니다.
F:\project\gl\khu_gl_project\Kinect_Sample_Re\Renderer.cpp(400,48): warning C4305: '인수': 'double'에서 'GLfloat'(으)로 잘립니다.
F:\project\gl\khu_gl_project\Kinect_Sample_Re\Renderer.cpp(441,66): warning C4244: '인수': 'int'에서 'GLfloat'(으)로 변환하면서 데이터가 손실될 수 있습니다.
F:\project\gl\khu_gl_project\Kinect_Sample_Re\Renderer.cpp(465,30): warning C4838: 'int'에서 'float'(으)로의 변환에는 축소 변환이 필요합니다.
F:\project\gl\khu_gl_project\Kinect_Sample_Re\Renderer.cpp(465,30): warning C4244: '초기화 중': 'int'에서 'float'(으)로 변환하면서 데이터가 손실될 수 있습니다.
F:\project\gl\khu_gl_project\Kinect_Sample_Re\Renderer.cpp(466,36): warning C4838: 'int'에서 'float'(으)로의 변환에는 축소 변환이 필요합니다.
F:\project\gl\khu_gl_project\Kinect_Sample_Re\Renderer.cpp(466,36): warning C4244: '초기화 중': 'int'에서 'float'(으)로 변환하면서 데이터가 손실될 수 있습니다.
F:\project\gl\khu_gl_project\Kinect_Sample_Re\Renderer.cpp(377,19): warning C4101: 'm1' :참조되지 않은 지역 변수입니다.
F:\project\gl\khu_gl_project\Kinect_Sample_Re\Renderer.cpp(381,16): warning C4101: 'b' :참조되지 않은 지역 변수입니다.
F:\project\gl\khu_gl_project\Kinect_Sample_Re\Renderer.cpp(381,13): warning C4101: 'g' :참조되지 않은 지역 변수입니다.
F:\project\gl\khu_gl_project\Kinect_Sample_Re\Renderer.cpp(381,10): warning C4101: 'r' :참조되지 않은 지역 변수입니다.
F:\project\gl\khu_gl_project\Kinect_Sample_Re\Renderer.cpp(893,12): warning C4244: '=': 'float'에서 'int'(으)로 변환하면서 데이터가 손실될 수 있습니다.
F:\project\gl\khu_gl_project\Kinect_Sample_Re\Renderer.cpp(894,12): warning C4244: '=': 'float'에서 'int'(으)로 변환하면서 데이터가 손실될 수 있습니다.
F:\project\gl\khu_gl_project\Kinect_Sample_Re\Renderer.cpp(895,12): warning C4244: '=': 'float'에서 'int'(으)로 변환하면서 데이터가 손실될 수 있습니다.
F:\project\gl\khu_gl_project\Kinect_Sample_Re\Renderer.cpp(896,12): warning C4244: '=': 'float'에서 'int'(으)로 변환하면서 데이터가 손실될 수 있습니다.
F:\project\gl\khu_gl_project\Kinect_Sample_Re\Renderer.cpp(897,12): warning C4244: '=': 'float'에서 'int'(으)로 변환하면서 데이터가 손실될 수 있습니다.
F:\project\gl\khu_gl_project\Kinect_Sample_Re\Renderer.cpp(898,12): warning C4244: '=': 'float'에서 'int'(으)로 변환하면서 데이터가 손실될 수 있습니다.
F:\project\gl\khu_gl_project\Kinect_Sample_Re\Renderer.cpp(899,12): warning C4244: '=': 'float'에서 'int'(으)로 변환하면서 데이터가 손실될 수 있습니다.
F:\project\gl\khu_gl_project\Kinect_Sample_Re\Renderer.cpp(900,12): warning C4244: '=': 'float'에서 'int'(으)로 변환하면서 데이터가 손실될 수 있습니다.
F:\project\gl\khu_gl_project\Kinect_Sample_Re\Renderer.cpp(901,12): warning C4244: '=': 'float'에서 'int'(으)로 변환하면서 데이터가 손실될 수 있습니다.
F:\project\gl\khu_gl_project\Kinect_Sample_Re\Renderer.cpp(902,12): warning C4244: '=': 'float'에서 'int'(으)로 변환하면서 데이터가 손실될 수 있습니다.
F:\project\gl\khu_gl_project\Kinect_Sample_Re\Renderer.cpp(903,12): warning C4244: '=': 'float'에서 'int'(으)로 변환하면서 데이터가 손실될 수 있습니다.
F:\project\gl\khu_gl_project\Kinect_Sample_Re\Renderer.cpp(904,12): warning C4244: '=': 'float'에서 'int'(으)로 변환하면서 데이터가 손실될 수 있습니다.
F:\project\gl\khu_gl_project\Kinect_Sample_Re\Renderer.cpp(911,12): warning C4244: '=': 'float'에서 'int'(으)로 변환하면서 데이터가 손실될 수 있습니다.
F:\project\gl\khu_gl_project\Kinect_Sample_Re\Renderer.cpp(912,12): warning C4244: '=': 'float'에서 'int'(으)로 변환하면서 데이터가 손실될 수 있습니다.
F:\project\gl\khu_gl_project\Kinect_Sample_Re\Renderer.cpp(913,12): warning C4244: '=': 'float'에서 'int'(으)로 변환하면서 데이터가 손실될 수 있습니다.
F:\project\gl\khu_gl_project\Kinect_Sample_Re\Renderer.cpp(915,12): warning C4244: '=': 'float'에서 'int'(으)로 변환하면서 데이터가 손실될 수 있습니다.
F:\project\gl\khu_gl_project\Kinect_Sample_Re\Renderer.cpp(916,12): warning C4244: '=': 'float'에서 'int'(으)로 변환하면서 데이터가 손실될 수 있습니다.
F:\project\gl\khu_gl_project\Kinect_Sample_Re\Renderer.cpp(917,12): warning C4244: '=': 'float'에서 'int'(으)로 변환하면서 데이터가 손실될 수 있습니다.
F:\project\gl\khu_gl_project\Kinect_Sample_Re\Renderer.cpp(919,12): warning C4244: '=': 'float'에서 'int'(으)로 변환하면서 데이터가 손실될 수 있습니다.
F:\project\gl\khu_gl_project\Kinect_Sample_Re\Renderer.cpp(920,12): warning C4244: '=': 'float'에서 'int'(으)로 변환하면서 데이터가 손실될 수 있습니다.
F:\project\gl\khu_gl_project\Kinect_Sample_Re\Renderer.cpp(921,12): warning C4244: '=': 'float'에서 'int'(으)로 변환하면서 데이터가 손실될 수 있습니다.
F:\project\gl\khu_gl_project\Kinect_Sample_Re\Renderer.cpp(930,12): warning C4244: '=': 'float'에서 'int'(으)로 변환하면서 데이터가 손실될 수 있습니다.
F:\project\gl\khu_gl_project\Kinect_Sample_Re\Renderer.cpp(931,12): warning C4244: '=': 'float'에서 'int'(으)로 변환하면서 데이터가 손실될 수 있습니다.
F:\project\gl\khu_gl_project\Kinect_Sample_Re\Renderer.cpp(932,12): warning C4244: '=': 'float'에서 'int'(으)로 변환하면서 데이터가 손실될 수 있습니다.
F:\project\gl\khu_gl_project\Kinect_Sample_Re\Renderer.cpp(933,12): warning C4244: '=': 'float'에서 'int'(으)로 변환하면서 데이터가 손실될 수 있습니다.
F:\project\gl\khu_gl_project\Kinect_Sample_Re\Renderer.cpp(938,12): warning C4244: '=': 'float'에서 'int'(으)로 변환하면서 데이터가 손실될 수 있습니다.
F:\project\gl\khu_gl_project\Kinect_Sample_Re\Renderer.cpp(939,12): warning C4244: '=': 'float'에서 'int'(으)로 변환하면서 데이터가 손실될 수 있습니다.
F:\project\gl\khu_gl_project\Kinect_Sample_Re\Renderer.cpp(940,12): warning C4244: '=': 'float'에서 'int'(으)로 변환하면서 데이터가 손실될 수 있습니다.
F:\project\gl\khu_gl_project\Kinect_Sample_Re\Renderer.cpp(941,12): warning C4244: '=': 'float'에서 'int'(으)로 변환하면서 데이터가 손실될 수 있습니다.
F:\project\gl\khu_gl_project\Kinect_Sample_Re\Renderer.cpp(948,12): warning C4244: '=': 'float'에서 'int'(으)로 변환하면서 데이터가 손실될 수 있습니다.
F:\project\gl\khu_gl_project\Kinect_Sample_Re\Renderer.cpp(949,12): warning C4244: '=': 'float'에서 'int'(으)로 변환하면서 데이터가 손실될 수 있습니다.
F:\project\gl\khu_gl_project\Kinect_Sample_Re\Renderer.cpp(950,12): warning C4244: '=': 'float'에서 'int'(으)로 변환하면서 데이터가 손실될 수 있습니다.
F:\project\gl\khu_gl_project\Kinect_Sample_Re\Renderer.cpp(956,12): warning C4244: '=': 'float'에서 'int'(으)로 변환하면서 데이터가 손실될 수 있습니다.
F:\project\gl\khu_gl_project\Kinect_Sample_Re\Renderer.cpp(957,12): warning C4244: '=': 'float'에서 'int'(으)로 변환하면서 데이터가 손실될 수 있습니다.
F:\project\gl\khu_gl_project\Kinect_Sample_Re\Renderer.cpp(958,12): warning C4244: '=': 'float'에서 'int'(으)로 변환하면서 데이터가 손실될 수 있습니다.
F:\project\gl\khu_gl_project\Kinect_Sample_Re\Renderer.cpp(967,24): warning C4244: '초기화 중': 'double'에서 'float'(으)로 변환하면서 데이터가 손실될 수 있습니다.
F:\project\gl\khu_gl_project\Kinect_Sample_Re\Renderer.cpp(968,24): warning C4244: '초기화 중': 'double'에서 'float'(으)로 변환하면서 데이터가 손실될 수 있습니다.
F:\project\gl\khu_gl_project\Kinect_Sample_Re\Renderer.cpp(969,24): warning C4244: '초기화 중': 'double'에서 'float'(으)로 변환하면서 데이터가 손실될 수 있습니다.
F:\project\gl\khu_gl_project\Kinect_Sample_Re\Renderer.cpp(732,7): warning C4101: 'ch' :참조되지 않은 지역 변수입니다.
F:\project\gl\khu_gl_project\Kinect_Sample_Re\Renderer.cpp(996,26): warning C4305: '인수': 'double'에서 'float'(으)로 잘립니다.
  Kinect_Sample_Re.vcxproj -> F:\project\gl\khu_gl_project\x64\Debug\gltest.exe
